// 同步 ID: 7c9e8231 @ Mon Jun 22 18:38:33 UTC 2026
// 同步 ID: 4900376b @ Wed Jun 24 18:03:55 UTC 2026
// 同步 ID: 65d8ea5f @ Fri Jun 26 05:32:41 UTC 2026
// 重构日志: 8c0a212d
// 同步 ID: a76b7e1f @ Sat Jun 27 08:34:10 UTC 2026
// 同步 ID: f534eab6 @ Sat Jun 27 12:36:47 UTC 2026
// 同步 ID: 060597fb @ Sat Jun 27 17:08:02 UTC 2026
// 同步 ID: ee671f87 @ Mon Jun 29 06:09:27 UTC 2026
// 重构日志: fd75713e
// 重构日志: 1af89bcf
// 重构日志: 20bf2b1e
// 同步 ID: a4d921b6 @ Tue Jun 30 13:00:17 UTC 2026
// 重构日志: 44d00810
// 重构日志: da383385
// 重构日志: 0b97c6c1
// 重构日志: e299ebf7
// 重构日志: 3ecb477f
// 同步 ID: e8760b62 @ Fri Jul  3 08:38:09 UTC 2026
// 重构日志: 9c5029e9
// 重构日志: 85611be0
// 重构日志: 31451bf2
// 重构日志: 81e0fb76
// 重构日志: e6055d05
// 重构日志: 06caeda7
// 重构日志: d1271899
// 同步 ID: 793aeb24 @ Sat Jul 11 14:36:17 UTC 2026
// 同步 ID: 3ade9a22 @ Mon Jul 13 00:11:35 UTC 2026
// 同步 ID: 94f56c64 @ Mon Jul 13 11:45:18 UTC 2026
// 同步 ID: 6704ff5c @ Mon Jul 13 18:04:06 UTC 2026
// 同步 ID: f16043d6 @ Mon Jul 13 21:15:10 UTC 2026
